<?xml version="1.0" encoding="UTF-8"?>
<testsuite xmlns:xsi="http://www.w3.org/2001/XMLSchema-instance" xsi:schemaLocation="https://maven.apache.org/surefire/maven-surefire-plugin/xsd/surefire-test-report.xsd" name="runner.RunCukeTest" time="0.599" tests="83" errors="4" skipped="5" failures="0">
  <properties>
[...]
</properties>
  <testcase name="Given I want to write a step with precondition" classname="Scenario: Check background functionality" time="0.002"/>
  <testcase name="And some other precondition" classname="Scenario: Check background functionality" time="0"/>
  <testcase name="When I complete action" classname="Scenario: Check background functionality" time="0"/>
  <testcase name="And some other action" classname="Scenario: Check background functionality" time="0"/>
  <testcase name="And yet another action" classname="Scenario: Check background functionality" time="0"/>
  <testcase name="Then I validate the outcomes" classname="Scenario: Check background functionality" time="0"/>
  <testcase name="And check more outcomes" classname="Scenario: Check background functionality" time="0"/>
  <testcase name="Scenario: Check background functionality" classname="Scenario: Check background functionality" time="0"/>
  <testcase name="Given User has to perform this before every scenario" classname="Scenario: Background verification test 1" time="0"/>
  <testcase name="And Also do this before every step" classname="Scenario: Background verification test 1" time="0"/>
  <testcase name="Given Scenario 1 in backgraound feature" classname="Scenario: Background verification test 1" time="0"/>
  <testcase name="Scenario: Background verification test 1" classname="Scenario: Background verification test 1" time="0.001"/>
  <testcase name="Given User has to perform this before every scenario" classname="Scenario: Background verification test 2" time="0"/>
  <testcase name="And Also do this before every step" classname="Scenario: Background verification test 2" time="0"/>
  <testcase name="Given Scenario 2 in backgraound feature" classname="Scenario: Background verification test 2" time="0"/>
  <testcase name="Scenario: Background verification test 2" classname="Scenario: Background verification test 2" time="0.001"/>
  <testcase name="Given User has to perform this before every scenario" classname="Scenario: Background verification test 3" time="0"/>
  <testcase name="And Also do this before every step" classname="Scenario: Background verification test 3" time="0"/>
  <testcase name="Given Scenario 3 in backgraound feature" classname="Scenario: Background verification test 3" time="0"/>
  <testcase name="Scenario: Background verification test 3" classname="Scenario: Background verification test 3" time="0.001"/>
  <testcase name="Given User has to perform this before every scenario" classname="Scenario: Background verification test 4" time="0"/>
  <testcase name="And Also do this before every step" classname="Scenario: Background verification test 4" time="0"/>
  <testcase name="Given Scenario 4 in backgraound feature" classname="Scenario: Background verification test 4" time="0"/>
  <testcase name="Scenario: Background verification test 4" classname="Scenario: Background verification test 4" time="0"/>
  <testcase name="Given User has to perform this before every scenario" classname="Scenario: Background verification test 5" time="0"/>
  <testcase name="And Also do this before every step" classname="Scenario: Background verification test 5" time="0"/>
  <testcase name="Given Scenario 5 in backgraound feature" classname="Scenario: Background verification test 5" time="0"/>
  <testcase name="Scenario: Background verification test 5" classname="Scenario: Background verification test 5" time="0"/>
  <testcase name="Given I want to write a step with &quot;name1&quot;" classname="| name1 | 5 | success |" time="0"/>
  <testcase name="When I check for the 5 in step" classname="| name1 | 5 | success |" time="0.001"/>
  <testcase name="Then I verify the &quot;success&quot; in step" classname="| name1 | 5 | success |" time="0"/>
  <testcase name="| name1 | 5 | success |" classname="| name1 | 5 | success |" time="0"/>
  <testcase name="Given I want to write a step with &quot;name2&quot;" classname="| name2 | 7 | Fail |" time="0"/>
  <testcase name="When I check for the 7 in step" classname="| name2 | 7 | Fail |" time="0"/>
  <testcase name="Then I verify the &quot;Fail&quot; in step" classname="| name2 | 7 | Fail |" time="0"/>
  <testcase name="| name2 | 7 | Fail |" classname="| name2 | 7 | Fail |" time="0"/>
  <testcase name="Given I want to write a step with &quot;name3&quot;" classname="| name3 | 11 | Fail |" time="0"/>
  <testcase name="When I check for the 11 in step" classname="| name3 | 11 | Fail |" time="0.001"/>
  <testcase name="Then I verify the &quot;Fail&quot; in step" classname="| name3 | 11 | Fail |" time="0"/>
  <testcase name="| name3 | 11 | Fail |" classname="| name3 | 11 | Fail |" time="0.001"/>
  <testcase name="* I want to write a step with precondition" classname="Scenario: Star usage test scenario" time="0"/>
  <testcase name="* some other precondition" classname="Scenario: Star usage test scenario" time="0"/>
  <testcase name="* I complete action" classname="Scenario: Star usage test scenario" time="0"/>
  <testcase name="* some other action" classname="Scenario: Star usage test scenario" time="0"/>
  <testcase name="* yet another action" classname="Scenario: Star usage test scenario" time="0"/>
  <testcase name="* I validate the outcomes" classname="Scenario: Star usage test scenario" time="0.001"/>
  <testcase name="* check more outcomes" classname="Scenario: Star usage test scenario" time="0"/>
  <testcase name="Scenario: Star usage test scenario" classname="Scenario: Star usage test scenario" time="0"/>
  <testcase name="Given a list of numbers" classname="Scenario: The sum of a list of numbers should be calculated" time="0"/>
  <testcase name="When I summarize them" classname="Scenario: The sum of a list of numbers should be calculated" time="0"/>
  <testcase name="Then should I get 4770" classname="Scenario: The sum of a list of numbers should be calculated" time="0"/>
  <testcase name="Scenario: The sum of a list of numbers should be calculated" classname="Scenario: The sum of a list of numbers should be calculated" time="0.001"/>
  <testcase name="Given I only have 1000 rupees in my account with &quot;HDFC&quot; bank" classname="Scenario: Regex features in various types" time="0"/>
  <testcase name="And I have 2000 rupees in my account with &quot;X&quot; bank" classname="Scenario: Regex features in various types" time="0.007">
    <error message="✽.And I have 2000 rupees in my account with &quot;X&quot; bank(06_Regex_test.feature:9) matches more than one step definition:&#10;  ^I have (\d+) rupees in my account with &quot;([^&quot;]*)&quot; bank$ in StepDef07_AmbigousMethods.i_have_rupees_in_my_account_with_bank(int,String)&#10;  ^I have 2000 rupees in my account with &quot;([^&quot;]*)&quot; bank$ in StepDef07_AmbigousMethods.rupees_in_my_account_with_bank(int,String)&#10;" type="cucumber.runtime.AmbiguousStepDefinitionsException">cucumber.runtime.AmbiguousStepDefinitionsException: 
✽.And I have 2000 rupees in my account with "X" bank(06_Regex_test.feature:9) matches more than one step definition:
  ^I have (\d+) rupees in my account with "([^"]*)" bank$ in StepDef07_AmbigousMethods.i_have_rupees_in_my_account_with_bank(int,String)
  ^I have 2000 rupees in my account with "([^"]*)" bank$ in StepDef07_AmbigousMethods.rupees_in_my_account_with_bank(int,String)

</error>
  </testcase>
  <testcase name="Scenario: Regex features in various types" classname="Scenario: Regex features in various types" time="0.008">
    <error message="✽.And I have 2000 rupees in my account with &quot;X&quot; bank(06_Regex_test.feature:9) matches more than one step definition:&#10;  ^I have (\d+) rupees in my account with &quot;([^&quot;]*)&quot; bank$ in StepDef07_AmbigousMethods.i_have_rupees_in_my_account_with_bank(int,String)&#10;  ^I have 2000 rupees in my account with &quot;([^&quot;]*)&quot; bank$ in StepDef07_AmbigousMethods.rupees_in_my_account_with_bank(int,String)&#10;" type="cucumber.runtime.AmbiguousStepDefinitionsException">cucumber.runtime.AmbiguousStepDefinitionsException: 
✽.And I have 2000 rupees in my account with "X" bank(06_Regex_test.feature:9) matches more than one step definition:
  ^I have (\d+) rupees in my account with "([^"]*)" bank$ in StepDef07_AmbigousMethods.i_have_rupees_in_my_account_with_bank(int,String)
  ^I have 2000 rupees in my account with "([^"]*)" bank$ in StepDef07_AmbigousMethods.rupees_in_my_account_with_bank(int,String)

</error>
  </testcase>
  <testcase name="When I withdraw 600 rupees" classname="Scenario: Regex features in various types" time="0">
    <skipped/>
  </testcase>
  <testcase name="Then I have a balance of 400 rupees" classname="Scenario: Regex features in various types" time="0">
    <skipped/>
  </testcase>
  <testcase name="Given I have account in &quot;CITY, ICICI, HDFC&quot;" classname="Scenario: Regex features in various types" time="0">
    <skipped/>
  </testcase>
  <testcase name="When I close &quot;ICICI&quot; account" classname="Scenario: Regex features in various types" time="0">
    <skipped/>
  </testcase>
  <testcase name="Then I have left with &quot;CITY, HDFC&quot; account" classname="Scenario: Regex features in various types" time="0">
    <skipped/>
  </testcase>
  <testcase name="Given I have 1000 rupees in my account with &quot;HDFC&quot; bank" classname="Scenario: Ambiguous keyword scenario" time="0"/>
  <testcase name="When I have 2000 rupees in my account with &quot;X&quot; bank" classname="Scenario: Ambiguous keyword scenario" time="0.002">
    <error message="✽.When I have 2000 rupees in my account with &quot;X&quot; bank(07_AmbigousMethod_Test.feature:8) matches more than one step definition:&#10;  ^I have (\d+) rupees in my account with &quot;([^&quot;]*)&quot; bank$ in StepDef07_AmbigousMethods.i_have_rupees_in_my_account_with_bank(int,String)&#10;  ^I have 2000 rupees in my account with &quot;([^&quot;]*)&quot; bank$ in StepDef07_AmbigousMethods.rupees_in_my_account_with_bank(int,String)&#10;" type="cucumber.runtime.AmbiguousStepDefinitionsException">cucumber.runtime.AmbiguousStepDefinitionsException: 
✽.When I have 2000 rupees in my account with "X" bank(07_AmbigousMethod_Test.feature:8) matches more than one step definition:
  ^I have (\d+) rupees in my account with "([^"]*)" bank$ in StepDef07_AmbigousMethods.i_have_rupees_in_my_account_with_bank(int,String)
  ^I have 2000 rupees in my account with "([^"]*)" bank$ in StepDef07_AmbigousMethods.rupees_in_my_account_with_bank(int,String)

</error>
  </testcase>
  <testcase name="Scenario: Ambiguous keyword scenario" classname="Scenario: Ambiguous keyword scenario" time="0.003">
    <error message="✽.When I have 2000 rupees in my account with &quot;X&quot; bank(07_AmbigousMethod_Test.feature:8) matches more than one step definition:&#10;  ^I have (\d+) rupees in my account with &quot;([^&quot;]*)&quot; bank$ in StepDef07_AmbigousMethods.i_have_rupees_in_my_account_with_bank(int,String)&#10;  ^I have 2000 rupees in my account with &quot;([^&quot;]*)&quot; bank$ in StepDef07_AmbigousMethods.rupees_in_my_account_with_bank(int,String)&#10;" type="cucumber.runtime.AmbiguousStepDefinitionsException">cucumber.runtime.AmbiguousStepDefinitionsException: 
✽.When I have 2000 rupees in my account with "X" bank(07_AmbigousMethod_Test.feature:8) matches more than one step definition:
  ^I have (\d+) rupees in my account with "([^"]*)" bank$ in StepDef07_AmbigousMethods.i_have_rupees_in_my_account_with_bank(int,String)
  ^I have 2000 rupees in my account with "([^"]*)" bank$ in StepDef07_AmbigousMethods.rupees_in_my_account_with_bank(int,String)

</error>
  </testcase>
  <testcase name="Given date of project release is &quot;25-11-2016&quot;" classname="Scenario: Passing string as date date" time="0"/>
  <testcase name="Scenario: Passing string as date date" classname="Scenario: Passing string as date date" time="0.001"/>
  <testcase name="Given I am on empty given statement" classname="Scenario: Capture Group" time="0"/>
  <testcase name="Then I find salary in my account" classname="Scenario: Capture Group" time="0"/>
  <testcase name="Then I donot find salary in my account" classname="Scenario: Capture Group" time="0"/>
  <testcase name="Scenario: Capture Group" classname="Scenario: Capture Group" time="0"/>
  <testcase name="Given I have some money in my account" classname="Scenario: Non Capture Group" time="0"/>
  <testcase name="Given User has some money in my account" classname="Scenario: Non Capture Group" time="0"/>
  <testcase name="Given He has some money in my account" classname="Scenario: Non Capture Group" time="0"/>
  <testcase name="Scenario: Non Capture Group" classname="Scenario: Non Capture Group" time="0.001"/>
  <testcase name="Given one letter &quot;O&quot; is missing from following alphabets" classname="Scenario: Doc String" time="0"/>
  <testcase name="Scenario: Doc String" classname="Scenario: Doc String" time="0"/>
  <testcase name="Given I am running scenario two" classname="Scenario: Two" time="0"/>
  <testcase name="Scenario: Two" classname="Scenario: Two" time="0"/>
  <testcase name="Given I am running scenario wip" classname="Scenario: work in progress" time="0"/>
  <testcase name="Scenario: work in progress" classname="Scenario: work in progress" time="0"/>
  <testcase name="Given I am testing hook one" classname="Scenario: H1" time="0"/>
  <testcase name="Scenario: H1" classname="Scenario: H1" time="0"/>
  <testcase name="Given I am testing hook two" classname="Scenario: H2" time="0"/>
  <testcase name="Scenario: H2" classname="Scenario: H2" time="0"/>
</testsuite>